2025-06-06 18:05:47,466 - __main__ - INFO - 开始训练脉冲频率检测模型
2025-06-06 18:05:47,466 - __main__ - INFO - 训练参数: {'model_type': 'deep', 'epochs': 50, 'batch_size': 64, 'learning_rate': 0.001, 'device': 'cuda', 'data_path': 'data/', 'output_dir': 'outputs/', 'resume': None, 'seed': 42, 'num_workers': 4, 'val_split': 0.2, 'save_every': 10}
2025-06-06 18:05:47,467 - __main__ - INFO - 准备数据集...
2025-06-06 18:05:47,991 - __main__ - INFO - 数据集大小: 10000
2025-06-06 18:05:47,991 - __main__ - INFO - 训练集大小: 8000, 验证集大小: 2000
2025-06-06 18:05:47,991 - __main__ - INFO - 初始化 deep 模型...
2025-06-06 18:05:48,096 - __main__ - INFO - 模型参数数量: 335,298
2025-06-06 18:05:49,080 - __main__ - INFO - 开始训练...
2025-06-06 18:18:33,716 - __main__ - INFO - 保存最终模型...
2025-06-06 18:18:33,723 - __main__ - INFO - 量化模型...
2025-06-06 18:18:33,770 - __main__ - WARNING - 模型量化失败: Could not run 'quantized::make_quantized_cell_params_dynamic' with arguments from the 'CUDA' backend. This could be because the operator doesn't exist for this backend, or was omitted during the selective/custom build process (if using custom build). If you are a Facebook employee using PyTorch on mobile, please visit https://fburl.com/ptmfixes for possible resolutions. 'quantized::make_quantized_cell_params_dynamic' is only available for these backends: [CPU, Meta, BackendSelect, Python, FuncTorchDynamicLayerBackMode, Functionalize, Named, Conjugate, Negative, ZeroTensor, ADInplaceOrView, AutogradOther, AutogradCPU, AutogradCUDA, AutogradXLA, AutogradMPS, AutogradXPU, AutogradHPU, AutogradLazy, AutogradMTIA, AutogradMeta, Tracer, AutocastCPU, AutocastMTIA, AutocastXPU, AutocastMPS, AutocastCUDA, FuncTorchBatched, BatchedNestedTensor, FuncTorchVmapMode, Batched, VmapMode, FuncTorchGradWrapper, PythonTLSSnapshot, FuncTorchDynamicLayerFrontMode, PreDispatch, PythonDispatcher].

CPU: registered at C:\actions-runner\_work\pytorch\pytorch\pytorch\aten\src\ATen\native\RNN.cpp:1945 [kernel]
Meta: registered at C:\actions-runner\_work\pytorch\pytorch\pytorch\aten\src\ATen\core\MetaFallbackKernel.cpp:23 [backend fallback]
BackendSelect: fallthrough registered at C:\actions-runner\_work\pytorch\pytorch\pytorch\aten\src\ATen\core\BackendSelectFallbackKernel.cpp:3 [backend fallback]
Python: registered at C:\actions-runner\_work\pytorch\pytorch\pytorch\aten\src\ATen\core\PythonFallbackKernel.cpp:194 [backend fallback]
FuncTorchDynamicLayerBackMode: registered at C:\actions-runner\_work\pytorch\pytorch\pytorch\aten\src\ATen\functorch\DynamicLayer.cpp:479 [backend fallback]
Functionalize: registered at C:\actions-runner\_work\pytorch\pytorch\pytorch\aten\src\ATen\FunctionalizeFallbackKernel.cpp:349 [backend fallback]
Named: registered at C:\actions-runner\_work\pytorch\pytorch\pytorch\aten\src\ATen\core\NamedRegistrations.cpp:7 [backend fallback]
Conjugate: registered at C:\actions-runner\_work\pytorch\pytorch\pytorch\aten\src\ATen\ConjugateFallback.cpp:17 [backend fallback]
Negative: registered at C:\actions-runner\_work\pytorch\pytorch\pytorch\aten\src\ATen\native\NegateFallback.cpp:18 [backend fallback]
ZeroTensor: registered at C:\actions-runner\_work\pytorch\pytorch\pytorch\aten\src\ATen\ZeroTensorFallback.cpp:86 [backend fallback]
ADInplaceOrView: fallthrough registered at C:\actions-runner\_work\pytorch\pytorch\pytorch\aten\src\ATen\core\VariableFallbackKernel.cpp:100 [backend fallback]
AutogradOther: registered at C:\actions-runner\_work\pytorch\pytorch\pytorch\aten\src\ATen\core\VariableFallbackKernel.cpp:63 [backend fallback]
AutogradCPU: registered at C:\actions-runner\_work\pytorch\pytorch\pytorch\aten\src\ATen\core\VariableFallbackKernel.cpp:67 [backend fallback]
AutogradCUDA: registered at C:\actions-runner\_work\pytorch\pytorch\pytorch\aten\src\ATen\core\VariableFallbackKernel.cpp:75 [backend fallback]
AutogradXLA: registered at C:\actions-runner\_work\pytorch\pytorch\pytorch\aten\src\ATen\core\VariableFallbackKernel.cpp:83 [backend fallback]
AutogradMPS: registered at C:\actions-runner\_work\pytorch\pytorch\pytorch\aten\src\ATen\core\VariableFallbackKernel.cpp:91 [backend fallback]
AutogradXPU: registered at C:\actions-runner\_work\pytorch\pytorch\pytorch\aten\src\ATen\core\VariableFallbackKernel.cpp:71 [backend fallback]
AutogradHPU: registered at C:\actions-runner\_work\pytorch\pytorch\pytorch\aten\src\ATen\core\VariableFallbackKernel.cpp:104 [backend fallback]
AutogradLazy: registered at C:\actions-runner\_work\pytorch\pytorch\pytorch\aten\src\ATen\core\VariableFallbackKernel.cpp:87 [backend fallback]
AutogradMTIA: registered at C:\actions-runner\_work\pytorch\pytorch\pytorch\aten\src\ATen\core\VariableFallbackKernel.cpp:79 [backend fallback]
AutogradMeta: registered at C:\actions-runner\_work\pytorch\pytorch\pytorch\aten\src\ATen\core\VariableFallbackKernel.cpp:95 [backend fallback]
Tracer: registered at C:\actions-runner\_work\pytorch\pytorch\pytorch\torch\csrc\autograd\TraceTypeManual.cpp:294 [backend fallback]
AutocastCPU: fallthrough registered at C:\actions-runner\_work\pytorch\pytorch\pytorch\aten\src\ATen\autocast_mode.cpp:322 [backend fallback]
AutocastMTIA: fallthrough registered at C:\actions-runner\_work\pytorch\pytorch\pytorch\aten\src\ATen\autocast_mode.cpp:466 [backend fallback]
AutocastXPU: fallthrough registered at C:\actions-runner\_work\pytorch\pytorch\pytorch\aten\src\ATen\autocast_mode.cpp:504 [backend fallback]
AutocastMPS: fallthrough registered at C:\actions-runner\_work\pytorch\pytorch\pytorch\aten\src\ATen\autocast_mode.cpp:209 [backend fallback]
AutocastCUDA: fallthrough registered at C:\actions-runner\_work\pytorch\pytorch\pytorch\aten\src\ATen\autocast_mode.cpp:165 [backend fallback]
FuncTorchBatched: registered at C:\actions-runner\_work\pytorch\pytorch\pytorch\aten\src\ATen\functorch\LegacyBatchingRegistrations.cpp:731 [backend fallback]
BatchedNestedTensor: registered at C:\actions-runner\_work\pytorch\pytorch\pytorch\aten\src\ATen\functorch\LegacyBatchingRegistrations.cpp:758 [backend fallback]
FuncTorchVmapMode: fallthrough registered at C:\actions-runner\_work\pytorch\pytorch\pytorch\aten\src\ATen\functorch\VmapModeRegistrations.cpp:27 [backend fallback]
Batched: registered at C:\actions-runner\_work\pytorch\pytorch\pytorch\aten\src\ATen\LegacyBatchingRegistrations.cpp:1075 [backend fallback]
VmapMode: fallthrough registered at C:\actions-runner\_work\pytorch\pytorch\pytorch\aten\src\ATen\VmapModeRegistrations.cpp:33 [backend fallback]
FuncTorchGradWrapper: registered at C:\actions-runner\_work\pytorch\pytorch\pytorch\aten\src\ATen\functorch\TensorWrapper.cpp:208 [backend fallback]
PythonTLSSnapshot: registered at C:\actions-runner\_work\pytorch\pytorch\pytorch\aten\src\ATen\core\PythonFallbackKernel.cpp:202 [backend fallback]
FuncTorchDynamicLayerFrontMode: registered at C:\actions-runner\_work\pytorch\pytorch\pytorch\aten\src\ATen\functorch\DynamicLayer.cpp:475 [backend fallback]
PreDispatch: registered at C:\actions-runner\_work\pytorch\pytorch\pytorch\aten\src\ATen\core\PythonFallbackKernel.cpp:206 [backend fallback]
PythonDispatcher: registered at C:\actions-runner\_work\pytorch\pytorch\pytorch\aten\src\ATen\core\PythonFallbackKernel.cpp:198 [backend fallback]

2025-06-06 18:18:33,773 - __main__ - INFO - 评估最终模型...
2025-06-06 18:18:38,558 - __main__ - INFO - 训练完成!
